<?xml version="1.0" encoding="UTF-8"?>
<!-- Generated by org.testng.reporters.JUnitXMLReporter -->
<testsuite hostname="DESKTOP-RNBDNNN" ignored="0" name="Default test" tests="4" failures="0" timestamp="17 Aug 2021 17:22:02 GMT" time="143.871" errors="0">
  <testcase name="testcase3" time="38.25" classname="org.test.SampleTestNG"/>
  <testcase name="testcase2" time="34.834" classname="org.test.SampleTestNG"/>
  <testcase name="testcase4" time="7.847" classname="org.test.SampleTestNG"/>
  <testcase name="testcase1" time="25.448" classname="org.test.SampleTestNG"/>
</testsuite> <!-- Default test -->
