<?xml version="1.0" encoding="UTF-8"?>
<testng-results skipped="0" failed="0" ignored="0" total="4" passed="4">
  <reporter-output>
  </reporter-output>
  <suite name="Default suite" duration-ms="143871" started-at="2021-08-17T17:19:38Z" finished-at="2021-08-17T17:22:01Z">
    <groups>
    </groups>
    <test name="Default test" duration-ms="143871" started-at="2021-08-17T17:19:38Z" finished-at="2021-08-17T17:22:01Z">
      <class name="org.test.SampleTestNG">
        <test-method status="PASS" signature="browserSetup()[pri:0, instance:org.test.SampleTestNG@3bfdc050]" name="browserSetup" is-config="true" duration-ms="35900" started-at="2021-08-17T17:19:38Z" finished-at="2021-08-17T17:20:13Z">
          <reporter-output>
          </reporter-output>
        </test-method> <!-- browserSetup -->
        <test-method status="PASS" signature="startTime()[pri:0, instance:org.test.SampleTestNG@3bfdc050]" name="startTime" is-config="true" duration-ms="1" started-at="2021-08-17T17:20:14Z" finished-at="2021-08-17T17:20:14Z">
          <reporter-output>
          </reporter-output>
        </test-method> <!-- startTime -->
        <test-method status="PASS" signature="testcase3()[pri:-20, instance:org.test.SampleTestNG@3bfdc050]" name="testcase3" duration-ms="38250" started-at="2021-08-17T17:20:14Z" finished-at="2021-08-17T17:20:52Z">
          <reporter-output>
          </reporter-output>
        </test-method> <!-- testcase3 -->
        <test-method status="PASS" signature="endTime()[pri:0, instance:org.test.SampleTestNG@3bfdc050]" name="endTime" is-config="true" duration-ms="1" started-at="2021-08-17T17:20:52Z" finished-at="2021-08-17T17:20:52Z">
          <reporter-output>
          </reporter-output>
        </test-method> <!-- endTime -->
        <test-method status="PASS" signature="testcase2()[pri:-13, instance:org.test.SampleTestNG@3bfdc050]" name="testcase2" duration-ms="34834" started-at="2021-08-17T17:20:52Z" finished-at="2021-08-17T17:21:27Z">
          <reporter-output>
          </reporter-output>
        </test-method> <!-- testcase2 -->
        <test-method status="PASS" signature="startTime()[pri:0, instance:org.test.SampleTestNG@3bfdc050]" name="startTime" is-config="true" duration-ms="0" started-at="2021-08-17T17:20:52Z" finished-at="2021-08-17T17:20:52Z">
          <reporter-output>
          </reporter-output>
        </test-method> <!-- startTime -->
        <test-method status="PASS" signature="endTime()[pri:0, instance:org.test.SampleTestNG@3bfdc050]" name="endTime" is-config="true" duration-ms="1" started-at="2021-08-17T17:21:27Z" finished-at="2021-08-17T17:21:27Z">
          <reporter-output>
          </reporter-output>
        </test-method> <!-- endTime -->
        <test-method status="PASS" signature="startTime()[pri:0, instance:org.test.SampleTestNG@3bfdc050]" name="startTime" is-config="true" duration-ms="1" started-at="2021-08-17T17:21:27Z" finished-at="2021-08-17T17:21:27Z">
          <reporter-output>
          </reporter-output>
        </test-method> <!-- startTime -->
        <test-method status="PASS" signature="testcase4()[pri:7, instance:org.test.SampleTestNG@3bfdc050]" name="testcase4" duration-ms="7847" started-at="2021-08-17T17:21:27Z" finished-at="2021-08-17T17:21:35Z">
          <reporter-output>
          </reporter-output>
        </test-method> <!-- testcase4 -->
        <test-method status="PASS" signature="endTime()[pri:0, instance:org.test.SampleTestNG@3bfdc050]" name="endTime" is-config="true" duration-ms="1" started-at="2021-08-17T17:21:35Z" finished-at="2021-08-17T17:21:35Z">
          <reporter-output>
          </reporter-output>
        </test-method> <!-- endTime -->
        <test-method status="PASS" signature="testcase1()[pri:15, instance:org.test.SampleTestNG@3bfdc050]" name="testcase1" duration-ms="25448" started-at="2021-08-17T17:21:35Z" finished-at="2021-08-17T17:22:00Z">
          <reporter-output>
          </reporter-output>
        </test-method> <!-- testcase1 -->
        <test-method status="PASS" signature="startTime()[pri:0, instance:org.test.SampleTestNG@3bfdc050]" name="startTime" is-config="true" duration-ms="0" started-at="2021-08-17T17:21:35Z" finished-at="2021-08-17T17:21:35Z">
          <reporter-output>
          </reporter-output>
        </test-method> <!-- startTime -->
        <test-method status="PASS" signature="endTime()[pri:0, instance:org.test.SampleTestNG@3bfdc050]" name="endTime" is-config="true" duration-ms="1" started-at="2021-08-17T17:22:00Z" finished-at="2021-08-17T17:22:00Z">
          <reporter-output>
          </reporter-output>
        </test-method> <!-- endTime -->
        <test-method status="PASS" signature="closerBrowser()[pri:0, instance:org.test.SampleTestNG@3bfdc050]" name="closerBrowser" is-config="true" duration-ms="1437" started-at="2021-08-17T17:22:00Z" finished-at="2021-08-17T17:22:01Z">
          <reporter-output>
          </reporter-output>
        </test-method> <!-- closerBrowser -->
      </class> <!-- org.test.SampleTestNG -->
    </test> <!-- Default test -->
  </suite> <!-- Default suite -->
</testng-results>
